c:\users\klasn\desktop\liu\vt2024\tnm079 - modelling and animation\tnm079-labsold\moa.dir\release\glviewer.obj
c:\users\klasn\desktop\liu\vt2024\tnm079 - modelling and animation\tnm079-labsold\moa.dir\release\globject.obj
c:\users\klasn\desktop\liu\vt2024\tnm079 - modelling and animation\tnm079-labsold\moa.dir\release\glgridplane.obj
c:\users\klasn\desktop\liu\vt2024\tnm079 - modelling and animation\tnm079-labsold\moa.dir\release\glaxis.obj
c:\users\klasn\desktop\liu\vt2024\tnm079 - modelling and animation\tnm079-labsold\moa.dir\release\framemain.obj
c:\users\klasn\desktop\liu\vt2024\tnm079 - modelling and animation\tnm079-labsold\moa.dir\release\spherefractal.obj
c:\users\klasn\desktop\liu\vt2024\tnm079 - modelling and animation\tnm079-labsold\moa.dir\release\sphere.obj
c:\users\klasn\desktop\liu\vt2024\tnm079 - modelling and animation\tnm079-labsold\moa.dir\release\signeddistancesphere.obj
c:\users\klasn\desktop\liu\vt2024\tnm079 - modelling and animation\tnm079-labsold\moa.dir\release\quadric.obj
c:\users\klasn\desktop\liu\vt2024\tnm079 - modelling and animation\tnm079-labsold\moa.dir\release\implicitmesh.obj
c:\users\klasn\desktop\liu\vt2024\tnm079 - modelling and animation\tnm079-labsold\moa.dir\release\implicit.obj
c:\users\klasn\desktop\liu\vt2024\tnm079 - modelling and animation\tnm079-labsold\moa.dir\release\cube.obj
c:\users\klasn\desktop\liu\vt2024\tnm079 - modelling and animation\tnm079-labsold\moa.dir\release\linestrip.obj
c:\users\klasn\desktop\liu\vt2024\tnm079 - modelling and animation\tnm079-labsold\moa.dir\release\simplemesh.obj
c:\users\klasn\desktop\liu\vt2024\tnm079 - modelling and animation\tnm079-labsold\moa.dir\release\mesh.obj
c:\users\klasn\desktop\liu\vt2024\tnm079 - modelling and animation\tnm079-labsold\moa.dir\release\halfedgemesh.obj
c:\users\klasn\desktop\liu\vt2024\tnm079 - modelling and animation\tnm079-labsold\moa.dir\release\fluidsolver.obj
c:\users\klasn\desktop\liu\vt2024\tnm079 - modelling and animation\tnm079-labsold\moa.dir\release\simpledecimationmesh.obj
c:\users\klasn\desktop\liu\vt2024\tnm079 - modelling and animation\tnm079-labsold\moa.dir\release\quadricdecimationmesh.obj
c:\users\klasn\desktop\liu\vt2024\tnm079 - modelling and animation\tnm079-labsold\moa.dir\release\decimationmesh.obj
c:\users\klasn\desktop\liu\vt2024\tnm079 - modelling and animation\tnm079-labsold\moa.dir\release\hotcolormap.obj
c:\users\klasn\desktop\liu\vt2024\tnm079 - modelling and animation\tnm079-labsold\moa.dir\release\heap.obj
c:\users\klasn\desktop\liu\vt2024\tnm079 - modelling and animation\tnm079-labsold\moa.dir\release\greenredcolormap.obj
c:\users\klasn\desktop\liu\vt2024\tnm079 - modelling and animation\tnm079-labsold\moa.dir\release\graycolormap.obj
c:\users\klasn\desktop\liu\vt2024\tnm079 - modelling and animation\tnm079-labsold\moa.dir\release\globjectplayback.obj
c:\users\klasn\desktop\liu\vt2024\tnm079 - modelling and animation\tnm079-labsold\moa.dir\release\colormapfactory.obj
c:\users\klasn\desktop\liu\vt2024\tnm079 - modelling and animation\tnm079-labsold\moa.dir\release\colormap.obj
c:\users\klasn\desktop\liu\vt2024\tnm079 - modelling and animation\tnm079-labsold\moa.dir\release\blackwhitecolormap.obj
c:\users\klasn\desktop\liu\vt2024\tnm079 - modelling and animation\tnm079-labsold\moa.dir\release\uniformcubicsplinesubdivisioncurve.obj
c:\users\klasn\desktop\liu\vt2024\tnm079 - modelling and animation\tnm079-labsold\moa.dir\release\uniformcubicspline.obj
c:\users\klasn\desktop\liu\vt2024\tnm079 - modelling and animation\tnm079-labsold\moa.dir\release\loopsubdivisionmesh.obj
c:\users\klasn\desktop\liu\vt2024\tnm079 - modelling and animation\tnm079-labsold\moa.dir\release\adaptiveloopsubdivisionmesh.obj
c:\users\klasn\desktop\liu\vt2024\tnm079 - modelling and animation\tnm079-labsold\moa.dir\release\trilinearinterpolator.obj
c:\users\klasn\desktop\liu\vt2024\tnm079 - modelling and animation\tnm079-labsold\moa.dir\release\levelsetoperator.obj
c:\users\klasn\desktop\liu\vt2024\tnm079 - modelling and animation\tnm079-labsold\moa.dir\release\levelsetgrid.obj
c:\users\klasn\desktop\liu\vt2024\tnm079 - modelling and animation\tnm079-labsold\moa.dir\release\levelset.obj
c:\users\klasn\desktop\liu\vt2024\tnm079 - modelling and animation\tnm079-labsold\moa.dir\release\fluidvoxelcutplane.obj
c:\users\klasn\desktop\liu\vt2024\tnm079 - modelling and animation\tnm079-labsold\moa.dir\release\vectorcutplane.obj
c:\users\klasn\desktop\liu\vt2024\tnm079 - modelling and animation\tnm079-labsold\moa.dir\release\scalarcutplane.obj
c:\users\klasn\desktop\liu\vt2024\tnm079 - modelling and animation\tnm079-labsold\moa.dir\release\gui.obj
c:\users\klasn\desktop\liu\vt2024\tnm079 - modelling and animation\tnm079-labsold\moa.dir\release\main.obj
c:\users\klasn\desktop\liu\vt2024\tnm079 - modelling and animation\tnm079-labsold\moa.dir\release\console.obj
c:\users\klasn\desktop\liu\vt2024\tnm079 - modelling and animation\tnm079-labsold\moa.dir\release\util.obj
c:\users\klasn\desktop\liu\vt2024\tnm079 - modelling and animation\tnm079-labsold\moa.dir\release\trackball.obj
c:\users\klasn\desktop\liu\vt2024\tnm079 - modelling and animation\tnm079-labsold\moa.dir\release\objio.obj
c:\users\klasn\desktop\liu\vt2024\tnm079 - modelling and animation\tnm079-labsold\moa.dir\release\marchingcubes.obj
c:\users\klasn\desktop\liu\vt2024\tnm079 - modelling and animation\tnm079-labsold\moa.dir\release\jetcolormap.obj
c:\users\klasn\desktop\liu\vt2024\tnm079 - modelling and animation\tnm079-labsold\moa.dir\release\isocontourcolormap.obj
c:\users\klasn\desktop\liu\vt2024\tnm079 - modelling and animation\tnm079-labsold\moa.dir\release\hsvcolormap.obj
c:\users\klasn\desktop\liu\vt2024\tnm079 - modelling and animation\tnm079-labsold\cmakefiles\generate.stamp
c:\users\klasn\desktop\liu\vt2024\tnm079 - modelling and animation\tnm079-labsold\bin\release\moa.exe
c:\users\klasn\desktop\liu\vt2024\tnm079 - modelling and animation\tnm079-labsold\moa.dir\release\moa.tlog\cl.command.1.tlog
c:\users\klasn\desktop\liu\vt2024\tnm079 - modelling and animation\tnm079-labsold\moa.dir\release\moa.tlog\cl.read.1.tlog
c:\users\klasn\desktop\liu\vt2024\tnm079 - modelling and animation\tnm079-labsold\moa.dir\release\moa.tlog\cl.write.1.tlog
c:\users\klasn\desktop\liu\vt2024\tnm079 - modelling and animation\tnm079-labsold\moa.dir\release\moa.tlog\custombuild.command.1.tlog
c:\users\klasn\desktop\liu\vt2024\tnm079 - modelling and animation\tnm079-labsold\moa.dir\release\moa.tlog\custombuild.read.1.tlog
c:\users\klasn\desktop\liu\vt2024\tnm079 - modelling and animation\tnm079-labsold\moa.dir\release\moa.tlog\custombuild.write.1.tlog
c:\users\klasn\desktop\liu\vt2024\tnm079 - modelling and animation\tnm079-labsold\moa.dir\release\moa.tlog\link.command.1.tlog
c:\users\klasn\desktop\liu\vt2024\tnm079 - modelling and animation\tnm079-labsold\moa.dir\release\moa.tlog\link.read.1.tlog
c:\users\klasn\desktop\liu\vt2024\tnm079 - modelling and animation\tnm079-labsold\moa.dir\release\moa.tlog\link.write.1.tlog
